f:\simworlds\simulatedworldsparticles\newdirectxtk\game\debug\vc120.pdb
f:\simworlds\simulatedworldsparticles\newdirectxtk\game\debug\vc120.idb
f:\simworlds\simulatedworldsparticles\newdirectxtk\game\debug\vbgo.obj
f:\simworlds\simulatedworldsparticles\newdirectxtk\game\debug\player.obj
f:\simworlds\simulatedworldsparticles\newdirectxtk\game\debug\terrain.obj
f:\simworlds\simulatedworldsparticles\newdirectxtk\game\debug\textgo2d.obj
f:\simworlds\simulatedworldsparticles\newdirectxtk\game\debug\streamemitter.obj
f:\simworlds\simulatedworldsparticles\newdirectxtk\game\debug\sprayemitter.obj
f:\simworlds\simulatedworldsparticles\newdirectxtk\game\debug\particlemanager.obj
f:\simworlds\simulatedworldsparticles\newdirectxtk\game\debug\particle.obj
f:\simworlds\simulatedworldsparticles\newdirectxtk\game\debug\main.obj
f:\simworlds\simulatedworldsparticles\newdirectxtk\game\debug\light.obj
f:\simworlds\simulatedworldsparticles\newdirectxtk\game\debug\imagego2d.obj
f:\simworlds\simulatedworldsparticles\newdirectxtk\game\debug\gameobject2d.obj
f:\simworlds\simulatedworldsparticles\newdirectxtk\game\debug\app.obj
f:\simworlds\simulatedworldsparticles\newdirectxtk\game\debug\gameobject.obj
f:\simworlds\simulatedworldsparticles\newdirectxtk\game\debug\game.obj
f:\simworlds\simulatedworldsparticles\newdirectxtk\game\debug\emitter.obj
f:\simworlds\simulatedworldsparticles\newdirectxtk\game\debug\cmogo.obj
f:\simworlds\simulatedworldsparticles\newdirectxtk\game\debug\camera.obj
f:\simworlds\simulatedworldsparticles\newdirectxtk\game\debug\burstemitter.obj
f:\simworlds\simulatedworldsparticles\newdirectxtk\game\debug\tutorial01.res
f:\simworlds\simulatedworldsparticles\newdirectxtk\debug\game.pdb
f:\simworlds\simulatedworldsparticles\newdirectxtk\game\debug\game.tlog\cl.command.1.tlog
f:\simworlds\simulatedworldsparticles\newdirectxtk\game\debug\game.tlog\cl.read.1.tlog
f:\simworlds\simulatedworldsparticles\newdirectxtk\game\debug\game.tlog\cl.write.1.tlog
f:\simworlds\simulatedworldsparticles\newdirectxtk\game\debug\game.tlog\link-cvtres.read.1.tlog
f:\simworlds\simulatedworldsparticles\newdirectxtk\game\debug\game.tlog\link-cvtres.write.1.tlog
f:\simworlds\simulatedworldsparticles\newdirectxtk\game\debug\game.tlog\link-mt.read.1.tlog
f:\simworlds\simulatedworldsparticles\newdirectxtk\game\debug\game.tlog\link-mt.write.1.tlog
f:\simworlds\simulatedworldsparticles\newdirectxtk\game\debug\game.tlog\link-rc.read.1.tlog
f:\simworlds\simulatedworldsparticles\newdirectxtk\game\debug\game.tlog\link-rc.write.1.tlog
f:\simworlds\simulatedworldsparticles\newdirectxtk\game\debug\game.tlog\link.command.1.tlog
f:\simworlds\simulatedworldsparticles\newdirectxtk\game\debug\game.tlog\link.read.1.tlog
f:\simworlds\simulatedworldsparticles\newdirectxtk\game\debug\game.tlog\link.write.1.tlog
f:\simworlds\simulatedworldsparticles\newdirectxtk\game\debug\game.tlog\rc.command.1.tlog
f:\simworlds\simulatedworldsparticles\newdirectxtk\game\debug\game.tlog\rc.read.1.tlog
f:\simworlds\simulatedworldsparticles\newdirectxtk\game\debug\game.tlog\rc.write.1.tlog
