Build started 14/03/2016 02:33:27.
     1>Project "F:\NewDirectXTK\NewDirectXTK\Game\Game.vcxproj" on node 2 (Build target(s)).
     1>ClCompile:
         C:\Program Files (x86)\Microsoft Visual Studio 12.0\VC\bin\CL.exe /c /I..\Inc /ZI /nologo /W4 /WX- /Od /Oi /Oy- /D WIN32 /D _DEBUG /D DEBUG /D PROFILE /D _WINDOWS /D _WIN32_WINNT=0x0600 /D _UNICODE /D UNICODE /Gm- /EHsc /RTC1 /MDd /GS /arch:SSE2 /fp:fast /Zc:wchar_t /Zc:forScope /openmp- /Fo"Debug\\" /Fd"Debug\vc120.pdb" /Gd /TP /analyze- /errorReport:prompt  game.cpp
         game.cpp
         c:\program files (x86)\windows kits\8.1\include\um\dinput.h: DIRECTINPUT_VERSION undefined. Defaulting to version 0x0800
     1>f:\newdirectxtk\newdirectxtk\game\constantbuffer.h(23): warning C4324: 'ConstantBuffer' : structure was padded due to __declspec(align())
     1>f:\newdirectxtk\newdirectxtk\game\vbspiral.h(17): warning C4018: '<' : signed/unsigned mismatch
     1>f:\newdirectxtk\newdirectxtk\game\vbspiked.h(17): warning C4018: '<' : signed/unsigned mismatch
     1>f:\newdirectxtk\newdirectxtk\game\vbpillow.h(18): warning C4018: '<' : signed/unsigned mismatch
     1>f:\newdirectxtk\newdirectxtk\game\vbpillow.h(28): warning C4244: 'argument' : conversion from 'int' to 'float', possible loss of data
     1>f:\newdirectxtk\newdirectxtk\game\terrain.h(13): warning C4100: '_GD' : unreferenced formal parameter
     1>f:\newdirectxtk\newdirectxtk\game\helper.h(19): warning C4996: 'mbstowcs': This function or variable may be unsafe. Consider using mbstowcs_s instead. To disable deprecation, use _CRT_SECURE_NO_WARNINGS. See online help for details.
                 c:\program files (x86)\microsoft visual studio 12.0\vc\include\stdlib.h(528) : see declaration of 'mbstowcs'
     1>f:\newdirectxtk\newdirectxtk\game\game.cpp(16): warning C4100: 'context' : unreferenced formal parameter
       Link:
         C:\Program Files (x86)\Microsoft Visual Studio 12.0\VC\bin\link.exe /ERRORREPORT:PROMPT /OUT:"F:\NewDirectXTK\NewDirectXTK\Debug\Game.exe" /INCREMENTAL /NOLOGO d3d11.lib d3dcompiler.lib dxguid.lib winmm.lib comctl32.lib dinput8.lib DirectXTK.lib kernel32.lib user32.lib gdi32.lib winspool.lib comdlg32.lib advapi32.lib shell32.lib ole32.lib oleaut32.lib uuid.lib odbc32.lib odbccp32.lib usp10.lib /MANIFEST /MANIFESTUAC:"level='asInvoker' uiAccess='false'" /manifest:embed /manifestinput:"C:\Program Files (x86)\Microsoft Visual Studio 12.0\VC\Include\Manifest\dpiaware.manifest" /DEBUG /PDB:"F:\NewDirectXTK\NewDirectXTK\Debug\Game.pdb" /SUBSYSTEM:WINDOWS /LARGEADDRESSAWARE /TLBID:1 /DYNAMICBASE /NXCOMPAT /IMPLIB:"F:\NewDirectXTK\NewDirectXTK\Debug\Game.lib" /MACHINE:X86 /SAFESEH  Debug\Tutorial01.res
         Debug\camera.obj
         Debug\CMOGO.obj
         Debug\Emitter.obj
         Debug\game.obj
         Debug\gameobject.obj
         Debug\App.obj
         Debug\GameObject2D.obj
         Debug\ImageGO2D.obj
         Debug\light.obj
         Debug\main.obj
         Debug\particle.obj
         Debug\particleManager.obj
         Debug\TextGO2D.obj
         Debug\terrain.obj
         Debug\Player.obj
         Debug\VBGO.obj
         Game.vcxproj -> F:\NewDirectXTK\NewDirectXTK\Debug\Game.exe
     1>Done Building Project "F:\NewDirectXTK\NewDirectXTK\Game\Game.vcxproj" (Build target(s)).

Build succeeded.

Time Elapsed 00:00:02.71
