f:\newdirectxtk\newdirectxtk\xwbtool\bin\debug\vc120.pdb
f:\newdirectxtk\newdirectxtk\xwbtool\bin\debug\vc120.idb
f:\newdirectxtk\newdirectxtk\xwbtool\bin\debug\wavfilereader.obj
f:\newdirectxtk\newdirectxtk\xwbtool\bin\debug\xwbtool.obj
f:\newdirectxtk\newdirectxtk\xwbtool\bin\debug\xwbtool.ilk
f:\newdirectxtk\newdirectxtk\xwbtool\bin\debug\xwbtool.exe
f:\newdirectxtk\newdirectxtk\xwbtool\bin\debug\xwbtool.pdb
d:\tommoretonsimworlds\simulatedworldsparticles\newdirectxtk\xwbtool\bin\debug\wavfilereader.obj
d:\tommoretonsimworlds\simulatedworldsparticles\newdirectxtk\xwbtool\bin\debug\xwbtool.obj
d:\tommoretonsimworlds\simulatedworldsparticles\newdirectxtk\xwbtool\bin\debug\xwbtool.ilk
d:\tommoretonsimworlds\simulatedworldsparticles\newdirectxtk\xwbtool\bin\debug\vc120.idb
d:\tommoretonsimworlds\simulatedworldsparticles\newdirectxtk\xwbtool\bin\debug\vc120.pdb
d:\tommoretonsimworlds\simulatedworldsparticles\newdirectxtk\xwbtool\bin\debug\xwbtool.pdb
d:\tommoretonsimworlds\simulatedworldsparticles\newdirectxtk\xwbtool\bin\debug\xwbtool.exe
d:\tommoretonsimworlds\simulatedworldsparticles\newdirectxtk\xwbtool\bin\debug\xwbtool_.c7ab4186.tlog\cl.command.1.tlog
d:\tommoretonsimworlds\simulatedworldsparticles\newdirectxtk\xwbtool\bin\debug\xwbtool_.c7ab4186.tlog\cl.read.1.tlog
d:\tommoretonsimworlds\simulatedworldsparticles\newdirectxtk\xwbtool\bin\debug\xwbtool_.c7ab4186.tlog\cl.write.1.tlog
d:\tommoretonsimworlds\simulatedworldsparticles\newdirectxtk\xwbtool\bin\debug\xwbtool_.c7ab4186.tlog\link.command.1.tlog
d:\tommoretonsimworlds\simulatedworldsparticles\newdirectxtk\xwbtool\bin\debug\xwbtool_.c7ab4186.tlog\link.read.1.tlog
d:\tommoretonsimworlds\simulatedworldsparticles\newdirectxtk\xwbtool\bin\debug\xwbtool_.c7ab4186.tlog\link.write.1.tlog
