d:\tommoretonsimworlds\simulatedworldsparticles\newdirectxtk\debug\grass.dds
d:\tommoretonsimworlds\simulatedworldsparticles\newdirectxtk\debug\white.dds
d:\tommoretonsimworlds\simulatedworldsparticles\newdirectxtk\debug\logo_small.dds
d:\tommoretonsimworlds\simulatedworldsparticles\newdirectxtk\debug\minecraftbucket.dds
d:\tommoretonsimworlds\simulatedworldsparticles\newdirectxtk\debug\sandparticle.dds
c:\programdata\nvidia corporation\drs\nvapptimestamps
d:\tommoretonsimworlds\simulatedworldsparticles\newdirectxtk\debug\jemina vase -up.cmo
d:\tommoretonsimworlds\simulatedworldsparticles\newdirectxtk\debug\_program files (x86)_microsoft visual studio 12.0_common7_ide_extensions_microsoft_vsgraphics_assets_effects_phong.dgsl.cso
d:\tommoretonsimworlds\simulatedworldsparticles\newdirectxtk\debug\_tommoretonsimworlds_simulatedworldsparticles_newdirectxtk_assets_jemina vase__df.jpg.dds
d:\tommoretonsimworlds\simulatedworldsparticles\newdirectxtk\debug\birdmodelv1.cmo
d:\tommoretonsimworlds\simulatedworldsparticles\newdirectxtk\debug\_program files (x86)_microsoft visual studio 12.0_common7_ide_extensions_microsoft_vsgraphics_assets_effects_lambert.dgsl.cso
d:\tommoretonsimworlds\simulatedworldsparticles\newdirectxtk\debug\_tommoretonsimworlds_simulatedworldsparticles_newdirectxtk_assets_birdtext6.jpg.dds
d:\tommoretonsimworlds\simulatedworldsparticles\newdirectxtk\debug\_tommoretonsimworlds_simulatedworldsparticles_newdirectxtk_assets_birdtext7.jpg.dds
d:\tommoretonsimworlds\simulatedworldsparticles\newdirectxtk\debug\_tommoretonsimworlds_simulatedworldsparticles_newdirectxtk_assets_birdtext9.jpg.dds
d:\tommoretonsimworlds\simulatedworldsparticles\newdirectxtk\debug\_tommoretonsimworlds_simulatedworldsparticles_newdirectxtk_assets_birdtext10.jpg.dds
d:\tommoretonsimworlds\simulatedworldsparticles\newdirectxtk\assets\table.fbm\jalka.png
d:\tommoretonsimworlds\simulatedworldsparticles\newdirectxtk\assets\table.fbm\poytalevy.png
d:\tommoretonsimworlds\simulatedworldsparticles\newdirectxtk\debug\table.cmo
d:\tommoretonsimworlds\simulatedworldsparticles\newdirectxtk\debug\_tommoretonsimworlds_simulatedworldsparticles_newdirectxtk_assets_table.fbm_jalka.png.dds
d:\tommoretonsimworlds\simulatedworldsparticles\newdirectxtk\debug\_tommoretonsimworlds_simulatedworldsparticles_newdirectxtk_assets_table.fbm_poytalevy.png.dds
d:\tommoretonsimworlds\simulatedworldsparticles\newdirectxtk\assets\debug\assets.tlog\imagecontenttask-vsgraphics.4912.read.1.tlog
d:\tommoretonsimworlds\simulatedworldsparticles\newdirectxtk\assets\debug\assets.tlog\imagecontenttask-vsgraphics.4912.read.2.tlog
d:\tommoretonsimworlds\simulatedworldsparticles\newdirectxtk\assets\debug\assets.tlog\imagecontenttask-vsgraphics.4912.write.1.tlog
d:\tommoretonsimworlds\simulatedworldsparticles\newdirectxtk\assets\debug\assets.tlog\imagecontenttask-vsgraphics.4912.write.2.tlog
d:\tommoretonsimworlds\simulatedworldsparticles\newdirectxtk\assets\debug\assets.tlog\imagecontenttask-vsgraphics.7296.read.1.tlog
d:\tommoretonsimworlds\simulatedworldsparticles\newdirectxtk\assets\debug\assets.tlog\imagecontenttask-vsgraphics.7296.read.2.tlog
d:\tommoretonsimworlds\simulatedworldsparticles\newdirectxtk\assets\debug\assets.tlog\imagecontenttask-vsgraphics.7296.write.1.tlog
d:\tommoretonsimworlds\simulatedworldsparticles\newdirectxtk\assets\debug\assets.tlog\imagecontenttask-vsgraphics.7296.write.2.tlog
d:\tommoretonsimworlds\simulatedworldsparticles\newdirectxtk\assets\debug\assets.tlog\imagecontenttask-vsgraphics.7876.read.1.tlog
d:\tommoretonsimworlds\simulatedworldsparticles\newdirectxtk\assets\debug\assets.tlog\imagecontenttask-vsgraphics.7876.read.2.tlog
d:\tommoretonsimworlds\simulatedworldsparticles\newdirectxtk\assets\debug\assets.tlog\imagecontenttask-vsgraphics.7876.write.1.tlog
d:\tommoretonsimworlds\simulatedworldsparticles\newdirectxtk\assets\debug\assets.tlog\imagecontenttask-vsgraphics.7876.write.2.tlog
d:\tommoretonsimworlds\simulatedworldsparticles\newdirectxtk\assets\debug\assets.tlog\imagecontenttask-vsgraphics.8092.read.1.tlog
d:\tommoretonsimworlds\simulatedworldsparticles\newdirectxtk\assets\debug\assets.tlog\imagecontenttask-vsgraphics.8092.read.2.tlog
d:\tommoretonsimworlds\simulatedworldsparticles\newdirectxtk\assets\debug\assets.tlog\imagecontenttask-vsgraphics.8092.write.1.tlog
d:\tommoretonsimworlds\simulatedworldsparticles\newdirectxtk\assets\debug\assets.tlog\imagecontenttask-vsgraphics.8092.write.2.tlog
d:\tommoretonsimworlds\simulatedworldsparticles\newdirectxtk\assets\debug\assets.tlog\imagecontenttask-vsgraphics.read.1.tlog
d:\tommoretonsimworlds\simulatedworldsparticles\newdirectxtk\assets\debug\assets.tlog\imagecontenttask-vsgraphics.read.2.tlog
d:\tommoretonsimworlds\simulatedworldsparticles\newdirectxtk\assets\debug\assets.tlog\imagecontenttask-vsgraphics.write.1.tlog
d:\tommoretonsimworlds\simulatedworldsparticles\newdirectxtk\assets\debug\assets.tlog\imagecontenttask-vsgraphics.write.2.tlog
d:\tommoretonsimworlds\simulatedworldsparticles\newdirectxtk\assets\debug\assets.tlog\meshcontenttask-vsgraphics.8508.read.1.tlog
d:\tommoretonsimworlds\simulatedworldsparticles\newdirectxtk\assets\debug\assets.tlog\meshcontenttask-vsgraphics.8508.read.2.tlog
d:\tommoretonsimworlds\simulatedworldsparticles\newdirectxtk\assets\debug\assets.tlog\meshcontenttask-vsgraphics.8508.write.1.tlog
d:\tommoretonsimworlds\simulatedworldsparticles\newdirectxtk\assets\debug\assets.tlog\meshcontenttask-vsgraphics.8508.write.2.tlog
d:\tommoretonsimworlds\simulatedworldsparticles\newdirectxtk\assets\debug\assets.tlog\meshcontenttask-vsgraphics.8552.read.1.tlog
d:\tommoretonsimworlds\simulatedworldsparticles\newdirectxtk\assets\debug\assets.tlog\meshcontenttask-vsgraphics.8552.read.2.tlog
d:\tommoretonsimworlds\simulatedworldsparticles\newdirectxtk\assets\debug\assets.tlog\meshcontenttask-vsgraphics.8552.write.1.tlog
d:\tommoretonsimworlds\simulatedworldsparticles\newdirectxtk\assets\debug\assets.tlog\meshcontenttask-vsgraphics.8552.write.2.tlog
d:\tommoretonsimworlds\simulatedworldsparticles\newdirectxtk\assets\debug\assets.tlog\meshcontenttask-vsgraphics.read.1.tlog
d:\tommoretonsimworlds\simulatedworldsparticles\newdirectxtk\assets\debug\assets.tlog\meshcontenttask-vsgraphics.read.2.tlog
d:\tommoretonsimworlds\simulatedworldsparticles\newdirectxtk\assets\debug\assets.tlog\meshcontenttask-vsgraphics.write.1.tlog
d:\tommoretonsimworlds\simulatedworldsparticles\newdirectxtk\assets\debug\assets.tlog\meshcontenttask-vsgraphics.write.2.tlog
