Build started 13/04/2016 16:05:27.
     1>Project "D:\TomMoretonSimWorlds\SimulatedWorldsParticles\NewDirectXTK\Audio\DirectXTKAudio_Desktop_2013_Win8.vcxproj" on node 2 (Build target(s)).
     1>ClCompile:
         C:\Program Files (x86)\Microsoft Visual Studio 12.0\VC\bin\CL.exe /c /I..\Inc /I..\Src /ZI /nologo /W4 /WX- /Od /Oy- /D _WIN32_WINNT=0x0602 /D WIN32 /D _DEBUG /D _LIB /D _UNICODE /D UNICODE /Gm /EHsc /RTC1 /MDd /GS /arch:SSE2 /fp:fast /Zc:wchar_t /Zc:forScope /Yc"pch.h" /Fp"libs\Win32\Debug\DirectXTKAudioWin8.pch" /Fo"libs\Win32\Debug\\" /Fd"libs\Win32\Debug\DirectXTKAudioWin8.pdb" /Gd /TP /analyze- /errorReport:prompt AudioEngine.cpp
         AudioEngine.cpp
         C:\Program Files (x86)\Microsoft Visual Studio 12.0\VC\bin\CL.exe /c /I..\Inc /I..\Src /ZI /nologo /W4 /WX- /Od /Oy- /D _WIN32_WINNT=0x0602 /D WIN32 /D _DEBUG /D _LIB /D _UNICODE /D UNICODE /Gm /EHsc /RTC1 /MDd /GS /arch:SSE2 /fp:fast /Zc:wchar_t /Zc:forScope /Yu"pch.h" /Fp"libs\Win32\Debug\DirectXTKAudioWin8.pch" /Fo"libs\Win32\Debug\\" /Fd"libs\Win32\Debug\DirectXTKAudioWin8.pdb" /Gd /TP /analyze- /errorReport:prompt DynamicSoundEffectInstance.cpp SoundCommon.cpp SoundEffect.cpp SoundEffectInstance.cpp WAVFileReader.cpp WaveBank.cpp WaveBankReader.cpp
         WaveBankReader.cpp
         WaveBank.cpp
         WAVFileReader.cpp
         SoundEffectInstance.cpp
         SoundEffect.cpp
         SoundCommon.cpp
         DynamicSoundEffectInstance.cpp
         Generating Code...
       Lib:
         C:\Program Files (x86)\Microsoft Visual Studio 12.0\VC\bin\Lib.exe /OUT:"libs\Win32\Debug\DirectXTKAudioWin8.lib" /NOLOGO libs\Win32\Debug\AudioEngine.obj
         libs\Win32\Debug\DynamicSoundEffectInstance.obj
         libs\Win32\Debug\SoundCommon.obj
         libs\Win32\Debug\SoundEffect.obj
         libs\Win32\Debug\SoundEffectInstance.obj
         libs\Win32\Debug\WaveBank.obj
         libs\Win32\Debug\WaveBankReader.obj
         libs\Win32\Debug\WAVFileReader.obj
         DirectXTKAudio_Desktop_2013_Win8.vcxproj -> D:\TomMoretonSimWorlds\SimulatedWorldsParticles\NewDirectXTK\Audio\libs\Win32\Debug\DirectXTKAudioWin8.lib
     1>Done Building Project "D:\TomMoretonSimWorlds\SimulatedWorldsParticles\NewDirectXTK\Audio\DirectXTKAudio_Desktop_2013_Win8.vcxproj" (Build target(s)).

Build succeeded.

Time Elapsed 00:00:03.07
