f:\simworlds\simulatedworldsparticles\newdirectxtk\libs\win32\debug\directxtk.pch
f:\simworlds\simulatedworldsparticles\newdirectxtk\libs\win32\debug\directxtk.pdb
f:\simworlds\simulatedworldsparticles\newdirectxtk\libs\win32\debug\directxtk.idb
f:\simworlds\simulatedworldsparticles\newdirectxtk\libs\win32\debug\pch.obj
f:\simworlds\simulatedworldsparticles\newdirectxtk\libs\win32\debug\binaryreader.obj
f:\simworlds\simulatedworldsparticles\newdirectxtk\libs\win32\debug\effectcommon.obj
f:\simworlds\simulatedworldsparticles\newdirectxtk\libs\win32\debug\effectfactory.obj
f:\simworlds\simulatedworldsparticles\newdirectxtk\libs\win32\debug\environmentmapeffect.obj
f:\simworlds\simulatedworldsparticles\newdirectxtk\libs\win32\debug\gamepad.obj
f:\simworlds\simulatedworldsparticles\newdirectxtk\libs\win32\debug\geometricprimitive.obj
f:\simworlds\simulatedworldsparticles\newdirectxtk\libs\win32\debug\keyboard.obj
f:\simworlds\simulatedworldsparticles\newdirectxtk\libs\win32\debug\model.obj
f:\simworlds\simulatedworldsparticles\newdirectxtk\libs\win32\debug\modelloadcmo.obj
f:\simworlds\simulatedworldsparticles\newdirectxtk\libs\win32\debug\modelloadsdkmesh.obj
f:\simworlds\simulatedworldsparticles\newdirectxtk\libs\win32\debug\modelloadvbo.obj
f:\simworlds\simulatedworldsparticles\newdirectxtk\libs\win32\debug\mouse.obj
f:\simworlds\simulatedworldsparticles\newdirectxtk\libs\win32\debug\screengrab.obj
f:\simworlds\simulatedworldsparticles\newdirectxtk\libs\win32\debug\simplemath.obj
f:\simworlds\simulatedworldsparticles\newdirectxtk\libs\win32\debug\skinnedeffect.obj
f:\simworlds\simulatedworldsparticles\newdirectxtk\libs\win32\debug\spritebatch.obj
f:\simworlds\simulatedworldsparticles\newdirectxtk\libs\win32\debug\primitivebatch.obj
f:\simworlds\simulatedworldsparticles\newdirectxtk\libs\win32\debug\spritefont.obj
f:\simworlds\simulatedworldsparticles\newdirectxtk\libs\win32\debug\vertextypes.obj
f:\simworlds\simulatedworldsparticles\newdirectxtk\libs\win32\debug\wictextureloader.obj
f:\simworlds\simulatedworldsparticles\newdirectxtk\libs\win32\debug\alphatesteffect.obj
f:\simworlds\simulatedworldsparticles\newdirectxtk\libs\win32\debug\basiceffect.obj
f:\simworlds\simulatedworldsparticles\newdirectxtk\libs\win32\debug\commonstates.obj
f:\simworlds\simulatedworldsparticles\newdirectxtk\libs\win32\debug\ddstextureloader.obj
f:\simworlds\simulatedworldsparticles\newdirectxtk\libs\win32\debug\dgsleffect.obj
f:\simworlds\simulatedworldsparticles\newdirectxtk\libs\win32\debug\dgsleffectfactory.obj
f:\simworlds\simulatedworldsparticles\newdirectxtk\libs\win32\debug\dualtextureeffect.obj
f:\simworlds\simulatedworldsparticles\newdirectxtk\libs\win32\debug\directxtk.lib
f:\simworlds\simulatedworldsparticles\newdirectxtk\libs\win32\debug\directxt.e0b52ae7.tlog\cl.command.1.tlog
f:\simworlds\simulatedworldsparticles\newdirectxtk\libs\win32\debug\directxt.e0b52ae7.tlog\cl.read.1.tlog
f:\simworlds\simulatedworldsparticles\newdirectxtk\libs\win32\debug\directxt.e0b52ae7.tlog\cl.write.1.tlog
f:\simworlds\simulatedworldsparticles\newdirectxtk\libs\win32\debug\directxt.e0b52ae7.tlog\lib-link.read.1.tlog
f:\simworlds\simulatedworldsparticles\newdirectxtk\libs\win32\debug\directxt.e0b52ae7.tlog\lib-link.write.1.tlog
f:\simworlds\simulatedworldsparticles\newdirectxtk\libs\win32\debug\directxt.e0b52ae7.tlog\lib.command.1.tlog
